[debug] [2021-07-27T11:15:29.904Z] ----------------------------------------------------------------------
[debug] [2021-07-27T11:15:29.908Z] Command:       C:\Program Files\nodejs\node.exe C:\Users\pierr\AppData\Roaming\npm\node_modules\firebase-tools\lib\bin\firebase.js deploy
[debug] [2021-07-27T11:15:29.908Z] CLI Version:   9.10.0
[debug] [2021-07-27T11:15:29.909Z] Platform:      win32
[debug] [2021-07-27T11:15:29.909Z] Node Version:  v14.16.0
[debug] [2021-07-27T11:15:29.910Z] Time:          Tue Jul 27 2021 13:15:29 GMT+0200 (heure d’été d’Europe centrale)
[debug] [2021-07-27T11:15:29.911Z] ----------------------------------------------------------------------
[debug] 
[debug] [2021-07-27T11:15:29.921Z] > command requires scopes: ["email","openid","https://www.googleapis.com/auth/cloudplatformprojects.readonly","https://www.googleapis.com/auth/firebase","https://www.googleapis.com/auth/cloud-platform"]
[debug] [2021-07-27T11:15:29.921Z] > authorizing via signed-in user (lea.debray@legitbee.com)
[debug] [2021-07-27T11:15:29.921Z] [iam] checking project legitbee-ecdc5 for permissions ["firebase.projects.get","firebasehosting.sites.update"]
[debug] [2021-07-27T11:15:29.924Z] > refreshing access token with scopes: ["email","https://www.googleapis.com/auth/cloud-platform","https://www.googleapis.com/auth/cloudplatformprojects.readonly","https://www.googleapis.com/auth/firebase","openid"]
[debug] [2021-07-27T11:15:29.924Z] >>> HTTP REQUEST POST https://www.googleapis.com/oauth2/v3/token  
 <request body omitted>
[debug] [2021-07-27T11:15:30.113Z] <<< HTTP RESPONSE 200 {"date":"Tue, 27 Jul 2021 11:15:29 GMT","cache-control":"no-cache, no-store, max-age=0, must-revalidate","pragma":"no-cache","expires":"Mon, 01 Jan 1990 00:00:00 GMT","content-type":"application/json; charset=utf-8","vary":"X-Origin, Referer, Origin,Accept-Encoding","server":"scaffolding on HTTPServer2","x-xss-protection":"0","x-frame-options":"SAMEORIGIN","x-content-type-options":"nosniff","alt-svc":"h3=\":443\"; ma=2592000,h3-29=\":443\"; ma=2592000,h3-T051=\":443\"; ma=2592000,h3-Q050=\":443\"; ma=2592000,h3-Q046=\":443\"; ma=2592000,h3-Q043=\":443\"; ma=2592000,quic=\":443\"; ma=2592000; v=\"46,43\"","accept-ranges":"none","transfer-encoding":"chunked"}
[debug] [2021-07-27T11:15:30.130Z] >>> HTTP REQUEST POST https://cloudresourcemanager.googleapis.com/v1/projects/legitbee-ecdc5:testIamPermissions  
 {"permissions":["firebase.projects.get","firebasehosting.sites.update"]}
[debug] [2021-07-27T11:15:30.911Z] <<< HTTP RESPONSE 200 {"content-type":"application/json; charset=UTF-8","vary":"X-Origin, Referer, Origin,Accept-Encoding","date":"Tue, 27 Jul 2021 11:15:30 GMT","server":"ESF","cache-control":"private","x-xss-protection":"0","x-frame-options":"SAMEORIGIN","x-content-type-options":"nosniff","server-timing":"gfet4t7; dur=665","alt-svc":"h3=\":443\"; ma=2592000,h3-29=\":443\"; ma=2592000,h3-T051=\":443\"; ma=2592000,h3-Q050=\":443\"; ma=2592000,h3-Q046=\":443\"; ma=2592000,h3-Q043=\":443\"; ma=2592000,quic=\":443\"; ma=2592000; v=\"46,43\"","accept-ranges":"none","transfer-encoding":"chunked"}
[debug] [2021-07-27T11:15:30.912Z] [iam] error while checking permissions, command may fail: FirebaseError: Authorization failed. This account is missing the following required permissions on project legitbee-ecdc5:

  firebase.projects.get
  firebasehosting.sites.update
[debug] [2021-07-27T11:15:30.915Z] > refreshing access token with scopes: []
[debug] [2021-07-27T11:15:30.915Z] >>> HTTP REQUEST POST https://www.googleapis.com/oauth2/v3/token  
 <request body omitted>
[debug] [2021-07-27T11:15:31.013Z] <<< HTTP RESPONSE 200 {"date":"Tue, 27 Jul 2021 11:15:30 GMT","expires":"Mon, 01 Jan 1990 00:00:00 GMT","cache-control":"no-cache, no-store, max-age=0, must-revalidate","pragma":"no-cache","content-type":"application/json; charset=utf-8","vary":"X-Origin, Referer, Origin,Accept-Encoding","server":"scaffolding on HTTPServer2","x-xss-protection":"0","x-frame-options":"SAMEORIGIN","x-content-type-options":"nosniff","alt-svc":"h3=\":443\"; ma=2592000,h3-29=\":443\"; ma=2592000,h3-T051=\":443\"; ma=2592000,h3-Q050=\":443\"; ma=2592000,h3-Q046=\":443\"; ma=2592000,h3-Q043=\":443\"; ma=2592000,quic=\":443\"; ma=2592000; v=\"46,43\"","accept-ranges":"none","transfer-encoding":"chunked"}
[debug] [2021-07-27T11:15:31.030Z] >>> [apiv2][query] GET https://firebase.googleapis.com/v1beta1/projects/legitbee-ecdc5 [none]
[debug] [2021-07-27T11:15:31.364Z] <<< [apiv2][status] GET https://firebase.googleapis.com/v1beta1/projects/legitbee-ecdc5 403
[debug] [2021-07-27T11:15:31.364Z] <<< [apiv2][body] GET https://firebase.googleapis.com/v1beta1/projects/legitbee-ecdc5 {"error":{"code":403,"message":"The caller does not have permission","status":"PERMISSION_DENIED"}}
[debug] [2021-07-27T11:15:31.365Z] HTTP Error: 403, The caller does not have permission
[debug] [2021-07-27T11:15:31.433Z] FirebaseError: HTTP Error: 403, The caller does not have permission
    at module.exports (C:\Users\pierr\AppData\Roaming\npm\node_modules\firebase-tools\lib\responseToError.js:38:12)
    at Client.doRequest (C:\Users\pierr\AppData\Roaming\npm\node_modules\firebase-tools\lib\apiv2.js:238:23)
    at processTicksAndRejections (internal/process/task_queues.js:93:5)
    at async Client.request (C:\Users\pierr\AppData\Roaming\npm\node_modules\firebase-tools\lib\apiv2.js:96:20)
    at async Object.getFirebaseProject (C:\Users\pierr\AppData\Roaming\npm\node_modules\firebase-tools\lib\management\projects.js:290:21)
    at async Object.getDefaultHostingSite (C:\Users\pierr\AppData\Roaming\npm\node_modules\firebase-tools\lib\getDefaultHostingSite.js:8:21)
    at async requireHostingSite (C:\Users\pierr\AppData\Roaming\npm\node_modules\firebase-tools\lib\requireHostingSite.js:9:18)
    at async Object.fn (C:\Users\pierr\AppData\Roaming\npm\node_modules\firebase-tools\lib\commands\deploy.js:66:9)
    at async C:\Users\pierr\AppData\Roaming\npm\node_modules\firebase-tools\lib\command.js:169:17
[error] 
[error] Error: Failed to get Firebase project legitbee-ecdc5. Please make sure the project exists and your account has permission to access it.
